[0.007s] Invoking command in '/home/reach-lab/Palpation_smoother/ros2/build/netft_reader': CMAKE_PREFIX_PATH=${CMAKE_PREFIX_PATH}:/home/reach-lab/Palpation_smoother/ros2/install/palpation_calibration:/opt/ros/jazzy DEBUGINFOD_URLS=https://debuginfod.ubuntu.com /usr/bin/cmake --build /home/reach-lab/Palpation_smoother/ros2/build/netft_reader -- -j12 -l12
[0.039s] [ 33%] Built target netft_raw_node
[0.040s] [ 66%] Built target netft_node
[0.040s] [ 77%] [32mBuilding CXX object CMakeFiles/netft_baseraw_node.dir/src/netft_baseraw_node.cpp.o[0m
[0.042s] [01m[Kcc1plus:[m[K [01;31m[Kfatal error: [m[K/home/reach-lab/Palpation_smoother/ros2/src/netft_reader/src/netft_baseraw_node.cpp: No such file or directory
[0.042s] compilation terminated.
[0.042s] gmake[2]: *** [CMakeFiles/netft_baseraw_node.dir/build.make:76: CMakeFiles/netft_baseraw_node.dir/src/netft_baseraw_node.cpp.o] Error 1
[0.043s] gmake[1]: *** [CMakeFiles/Makefile2:193: CMakeFiles/netft_baseraw_node.dir/all] Error 2
[0.043s] gmake: *** [Makefile:146: all] Error 2
[0.115s] Invoked command in '/home/reach-lab/Palpation_smoother/ros2/build/netft_reader' returned '2': CMAKE_PREFIX_PATH=${CMAKE_PREFIX_PATH}:/home/reach-lab/Palpation_smoother/ros2/install/palpation_calibration:/opt/ros/jazzy DEBUGINFOD_URLS=https://debuginfod.ubuntu.com /usr/bin/cmake --build /home/reach-lab/Palpation_smoother/ros2/build/netft_reader -- -j12 -l12
